# JRE version: OpenJDK Runtime Environment (17.0.10) (build 17.0.10+0--11609105)
# Java VM: OpenJDK 64-Bit Server VM (17.0.10+0--11609105, mixed mode, tiered, compressed oops, compressed class ptrs, g1 gc, windows-amd64)
GC Precious Log:
 CPUs: 8 total, 8 available
 Memory: 16262M
 Large Page Support: Disabled
 NUMA Support: Disabled
 Compressed Oops: Enabled (Zero based)
 Heap Region Size: 2M
 Heap Min Capacity: 8M
 Heap Initial Capacity: 256M
 Heap Max Capacity: 4066M
 Pre-touch: Disabled
 Parallel Workers: 8
 Concurrent Workers: 2
 Concurrent Refinement Workers: 8
 Periodic GC: Disabled
Heap:
 garbage-first heap   total 94208K, used 56819K [0x0000000701e00000, 0x0000000800000000)
  region size 2048K, 10 young (20480K), 2 survivors (4096K)
 Metaspace       used 57292K, committed 57472K, reserved 1114112K
  class space    used 6777K, committed 6848K, reserved 1048576K
GC Heap History (20 events):
Event: 2.346 GC heap before
{Heap before GC invocations=5 (full 0):
 garbage-first heap   total 40960K, used 28286K [0x0000000701e00000, 0x0000000800000000)
  region size 2048K, 8 young (16384K), 2 survivors (4096K)
 Metaspace       used 33075K, committed 33280K, reserved 1114112K
  class space    used 4235K, committed 4352K, reserved 1048576K
}
Event: 2.355 GC heap after
{Heap after GC invocations=6 (full 0):
 garbage-first heap   total 40960K, used 17546K [0x0000000701e00000, 0x0000000800000000)
  region size 2048K, 1 young (2048K), 1 survivors (2048K)
 Metaspace       used 33075K, committed 33280K, reserved 1114112K
  class space    used 4235K, committed 4352K, reserved 1048576K
}
Event: 2.552 GC heap before
{Heap before GC invocations=6 (full 0):
 garbage-first heap   total 40960K, used 29834K [0x0000000701e00000, 0x0000000800000000)
  region size 2048K, 7 young (14336K), 1 survivors (2048K)
 Metaspace       used 35324K, committed 35520K, reserved 1114112K
  class space    used 4498K, committed 4608K, reserved 1048576K
}
Event: 2.556 GC heap after
{Heap after GC invocations=7 (full 0):
 garbage-first heap   total 40960K, used 17151K [0x0000000701e00000, 0x0000000800000000)
  region size 2048K, 1 young (2048K), 1 survivors (2048K)
 Metaspace       used 35324K, committed 35520K, reserved 1114112K
  class space    used 4498K, committed 4608K, reserved 1048576K
}
Event: 2.597 GC heap before
{Heap before GC invocations=7 (full 0):
 garbage-first heap   total 40960K, used 19199K [0x0000000701e00000, 0x0000000800000000)
  region size 2048K, 3 young (6144K), 1 survivors (2048K)
 Metaspace       used 35750K, committed 35968K, reserved 1114112K
  class space    used 4537K, committed 4672K, reserved 1048576K
}
Event: 2.601 GC heap after
{Heap after GC invocations=8 (full 0):
 garbage-first heap   total 151552K, used 17749K [0x0000000701e00000, 0x0000000800000000)
  region size 2048K, 1 young (2048K), 1 survivors (2048K)
 Metaspace       used 35750K, committed 35968K, reserved 1114112K
  class space    used 4537K, committed 4672K, reserved 1048576K
}
Event: 3.474 GC heap before
{Heap before GC invocations=9 (full 0):
 garbage-first heap   total 75776K, used 60757K [0x0000000701e00000, 0x0000000800000000)
  region size 2048K, 22 young (45056K), 1 survivors (2048K)
 Metaspace       used 45780K, committed 46016K, reserved 1114112K
  class space    used 5618K, committed 5760K, reserved 1048576K
}
Event: 3.483 GC heap after
{Heap after GC invocations=10 (full 0):
 garbage-first heap   total 75776K, used 23318K [0x0000000701e00000, 0x0000000800000000)
  region size 2048K, 2 young (4096K), 2 survivors (4096K)
 Metaspace       used 45780K, committed 46016K, reserved 1114112K
  class space    used 5618K, committed 5760K, reserved 1048576K
}
Event: 4.010 GC heap before
{Heap before GC invocations=10 (full 0):
 garbage-first heap   total 75776K, used 51990K [0x0000000701e00000, 0x0000000800000000)
  region size 2048K, 17 young (34816K), 2 survivors (4096K)
 Metaspace       used 48154K, committed 48384K, reserved 1114112K
  class space    used 5883K, committed 5952K, reserved 1048576K
}
Event: 4.026 GC heap after
{Heap after GC invocations=11 (full 0):
 garbage-first heap   total 75776K, used 30125K [0x0000000701e00000, 0x0000000800000000)
  region size 2048K, 3 young (6144K), 3 survivors (6144K)
 Metaspace       used 48154K, committed 48384K, reserved 1114112K
  class space    used 5883K, committed 5952K, reserved 1048576K
}
Event: 4.456 GC heap before
{Heap before GC invocations=11 (full 0):
 garbage-first heap   total 75776K, used 52653K [0x0000000701e00000, 0x0000000800000000)
  region size 2048K, 14 young (28672K), 3 survivors (6144K)
 Metaspace       used 49656K, committed 49856K, reserved 1114112K
  class space    used 6003K, committed 6080K, reserved 1048576K
}
Event: 4.468 GC heap after
{Heap after GC invocations=12 (full 0):
 garbage-first heap   total 75776K, used 32117K [0x0000000701e00000, 0x0000000800000000)
  region size 2048K, 2 young (4096K), 2 survivors (4096K)
 Metaspace       used 49656K, committed 49856K, reserved 1114112K
  class space    used 6003K, committed 6080K, reserved 1048576K
}
Event: 5.116 GC heap before
{Heap before GC invocations=12 (full 0):
 garbage-first heap   total 75776K, used 54645K [0x0000000701e00000, 0x0000000800000000)
  region size 2048K, 13 young (26624K), 2 survivors (4096K)
 Metaspace       used 50711K, committed 50944K, reserved 1114112K
  class space    used 6053K, committed 6144K, reserved 1048576K
}
Event: 5.136 GC heap after
{Heap after GC invocations=13 (full 0):
 garbage-first heap   total 75776K, used 36076K [0x0000000701e00000, 0x0000000800000000)
  region size 2048K, 2 young (4096K), 2 survivors (4096K)
 Metaspace       used 50711K, committed 50944K, reserved 1114112K
  class space    used 6053K, committed 6144K, reserved 1048576K
}
Event: 5.460 GC heap before
{Heap before GC invocations=13 (full 0):
 garbage-first heap   total 75776K, used 54508K [0x0000000701e00000, 0x0000000800000000)
  region size 2048K, 11 young (22528K), 2 survivors (4096K)
 Metaspace       used 51047K, committed 51264K, reserved 1114112K
  class space    used 6066K, committed 6144K, reserved 1048576K
}
Event: 5.475 GC heap after
{Heap after GC invocations=14 (full 0):
 garbage-first heap   total 94208K, used 40400K [0x0000000701e00000, 0x0000000800000000)
  region size 2048K, 2 young (4096K), 2 survivors (4096K)
 Metaspace       used 51047K, committed 51264K, reserved 1114112K
  class space    used 6066K, committed 6144K, reserved 1048576K
}
Event: 5.867 GC heap before
{Heap before GC invocations=15 (full 0):
 garbage-first heap   total 94208K, used 67024K [0x0000000701e00000, 0x0000000800000000)
  region size 2048K, 15 young (30720K), 2 survivors (4096K)
 Metaspace       used 52974K, committed 53184K, reserved 1114112K
  class space    used 6297K, committed 6400K, reserved 1048576K
}
Event: 5.878 GC heap after
{Heap after GC invocations=16 (full 0):
 garbage-first heap   total 94208K, used 41960K [0x0000000701e00000, 0x0000000800000000)
  region size 2048K, 1 young (2048K), 1 survivors (2048K)
 Metaspace       used 52974K, committed 53184K, reserved 1114112K
  class space    used 6297K, committed 6400K, reserved 1048576K
}
Event: 6.630 GC heap before
{Heap before GC invocations=16 (full 0):
 garbage-first heap   total 94208K, used 68584K [0x0000000701e00000, 0x0000000800000000)
  region size 2048K, 14 young (28672K), 1 survivors (2048K)
 Metaspace       used 56115K, committed 56384K, reserved 1114112K
  class space    used 6664K, committed 6784K, reserved 1048576K
}
Event: 6.640 GC heap after
{Heap after GC invocations=17 (full 0):
 garbage-first heap   total 94208K, used 44531K [0x0000000701e00000, 0x0000000800000000)
  region size 2048K, 2 young (4096K), 2 survivors (4096K)
 Metaspace       used 56115K, committed 56384K, reserved 1114112K
  class space    used 6664K, committed 6784K, reserved 1048576K
}

