# JRE version: OpenJDK Runtime Environment (17.0.10) (build 17.0.10+0--11609105)
# Java VM: OpenJDK 64-Bit Server VM (17.0.10+0--11609105, mixed mode, tiered, compressed oops, compressed class ptrs, g1 gc, windows-amd64)
GC Precious Log:
 CPUs: 8 total, 8 available
 Memory: 16262M
 Large Page Support: Disabled
 NUMA Support: Disabled
 Compressed Oops: Enabled (Zero based)
 Heap Region Size: 2M
 Heap Min Capacity: 8M
 Heap Initial Capacity: 256M
 Heap Max Capacity: 4066M
 Pre-touch: Disabled
 Parallel Workers: 8
 Concurrent Workers: 2
 Concurrent Refinement Workers: 8
 Periodic GC: Disabled
Heap:
 garbage-first heap   total 96256K, used 65045K [0x0000000701e00000, 0x0000000800000000)
  region size 2048K, 9 young (18432K), 2 survivors (4096K)
 Metaspace       used 59447K, committed 59712K, reserved 1114112K
  class space    used 6879K, committed 6976K, reserved 1048576K
GC Heap History (20 events):
Event: 2.662 GC heap before
{Heap before GC invocations=7 (full 0):
 garbage-first heap   total 40960K, used 19200K [0x0000000701e00000, 0x0000000800000000)
  region size 2048K, 3 young (6144K), 1 survivors (2048K)
 Metaspace       used 35752K, committed 35968K, reserved 1114112K
  class space    used 4537K, committed 4672K, reserved 1048576K
}
Event: 2.667 GC heap after
{Heap after GC invocations=8 (full 0):
 garbage-first heap   total 151552K, used 17863K [0x0000000701e00000, 0x0000000800000000)
  region size 2048K, 1 young (2048K), 1 survivors (2048K)
 Metaspace       used 35752K, committed 35968K, reserved 1114112K
  class space    used 4537K, committed 4672K, reserved 1048576K
}
Event: 3.663 GC heap before
{Heap before GC invocations=9 (full 0):
 garbage-first heap   total 75776K, used 60871K [0x0000000701e00000, 0x0000000800000000)
  region size 2048K, 22 young (45056K), 1 survivors (2048K)
 Metaspace       used 45808K, committed 46080K, reserved 1114112K
  class space    used 5619K, committed 5760K, reserved 1048576K
}
Event: 3.671 GC heap after
{Heap after GC invocations=10 (full 0):
 garbage-first heap   total 75776K, used 23415K [0x0000000701e00000, 0x0000000800000000)
  region size 2048K, 2 young (4096K), 2 survivors (4096K)
 Metaspace       used 45808K, committed 46080K, reserved 1114112K
  class space    used 5619K, committed 5760K, reserved 1048576K
}
Event: 4.160 GC heap before
{Heap before GC invocations=10 (full 0):
 garbage-first heap   total 75776K, used 52087K [0x0000000701e00000, 0x0000000800000000)
  region size 2048K, 17 young (34816K), 2 survivors (4096K)
 Metaspace       used 48139K, committed 48320K, reserved 1114112K
  class space    used 5882K, committed 5952K, reserved 1048576K
}
Event: 4.176 GC heap after
{Heap after GC invocations=11 (full 0):
 garbage-first heap   total 75776K, used 30097K [0x0000000701e00000, 0x0000000800000000)
  region size 2048K, 3 young (6144K), 3 survivors (6144K)
 Metaspace       used 48139K, committed 48320K, reserved 1114112K
  class space    used 5882K, committed 5952K, reserved 1048576K
}
Event: 4.615 GC heap before
{Heap before GC invocations=11 (full 0):
 garbage-first heap   total 75776K, used 52625K [0x0000000701e00000, 0x0000000800000000)
  region size 2048K, 14 young (28672K), 3 survivors (6144K)
 Metaspace       used 49631K, committed 49856K, reserved 1114112K
  class space    used 6001K, committed 6080K, reserved 1048576K
}
Event: 4.630 GC heap after
{Heap after GC invocations=12 (full 0):
 garbage-first heap   total 75776K, used 31628K [0x0000000701e00000, 0x0000000800000000)
  region size 2048K, 2 young (4096K), 2 survivors (4096K)
 Metaspace       used 49631K, committed 49856K, reserved 1114112K
  class space    used 6001K, committed 6080K, reserved 1048576K
}
Event: 5.354 GC heap before
{Heap before GC invocations=12 (full 0):
 garbage-first heap   total 75776K, used 54156K [0x0000000701e00000, 0x0000000800000000)
  region size 2048K, 13 young (26624K), 2 survivors (4096K)
 Metaspace       used 50575K, committed 50816K, reserved 1114112K
  class space    used 6052K, committed 6144K, reserved 1048576K
}
Event: 5.372 GC heap after
{Heap after GC invocations=13 (full 0):
 garbage-first heap   total 75776K, used 36111K [0x0000000701e00000, 0x0000000800000000)
  region size 2048K, 2 young (4096K), 2 survivors (4096K)
 Metaspace       used 50575K, committed 50816K, reserved 1114112K
  class space    used 6052K, committed 6144K, reserved 1048576K
}
Event: 5.733 GC heap before
{Heap before GC invocations=13 (full 0):
 garbage-first heap   total 75776K, used 54543K [0x0000000701e00000, 0x0000000800000000)
  region size 2048K, 11 young (22528K), 2 survivors (4096K)
 Metaspace       used 50947K, committed 51136K, reserved 1114112K
  class space    used 6065K, committed 6144K, reserved 1048576K
}
Event: 5.750 GC heap after
{Heap after GC invocations=14 (full 0):
 garbage-first heap   total 94208K, used 40456K [0x0000000701e00000, 0x0000000800000000)
  region size 2048K, 2 young (4096K), 2 survivors (4096K)
 Metaspace       used 50947K, committed 51136K, reserved 1114112K
  class space    used 6065K, committed 6144K, reserved 1048576K
}
Event: 6.176 GC heap before
{Heap before GC invocations=15 (full 0):
 garbage-first heap   total 94208K, used 67080K [0x0000000701e00000, 0x0000000800000000)
  region size 2048K, 15 young (30720K), 2 survivors (4096K)
 Metaspace       used 52873K, committed 53120K, reserved 1114112K
  class space    used 6296K, committed 6400K, reserved 1048576K
}
Event: 6.187 GC heap after
{Heap after GC invocations=16 (full 0):
 garbage-first heap   total 94208K, used 42098K [0x0000000701e00000, 0x0000000800000000)
  region size 2048K, 1 young (2048K), 1 survivors (2048K)
 Metaspace       used 52873K, committed 53120K, reserved 1114112K
  class space    used 6296K, committed 6400K, reserved 1048576K
}
Event: 7.019 GC heap before
{Heap before GC invocations=16 (full 0):
 garbage-first heap   total 94208K, used 68722K [0x0000000701e00000, 0x0000000800000000)
  region size 2048K, 14 young (28672K), 1 survivors (2048K)
 Metaspace       used 56055K, committed 56320K, reserved 1114112K
  class space    used 6662K, committed 6784K, reserved 1048576K
}
Event: 7.030 GC heap after
{Heap after GC invocations=17 (full 0):
 garbage-first heap   total 94208K, used 44651K [0x0000000701e00000, 0x0000000800000000)
  region size 2048K, 2 young (4096K), 2 survivors (4096K)
 Metaspace       used 56055K, committed 56320K, reserved 1114112K
  class space    used 6662K, committed 6784K, reserved 1048576K
}
Event: 7.837 GC heap before
{Heap before GC invocations=18 (full 0):
 garbage-first heap   total 94208K, used 67179K [0x0000000701e00000, 0x0000000800000000)
  region size 2048K, 14 young (28672K), 2 survivors (4096K)
 Metaspace       used 57565K, committed 57856K, reserved 1114112K
  class space    used 6792K, committed 6912K, reserved 1048576K
}
Event: 7.853 GC heap after
{Heap after GC invocations=19 (full 0):
 garbage-first heap   total 94208K, used 50047K [0x0000000701e00000, 0x0000000800000000)
  region size 2048K, 2 young (4096K), 2 survivors (4096K)
 Metaspace       used 57565K, committed 57856K, reserved 1114112K
  class space    used 6792K, committed 6912K, reserved 1048576K
}
Event: 8.602 GC heap before
{Heap before GC invocations=19 (full 0):
 garbage-first heap   total 94208K, used 70527K [0x0000000701e00000, 0x0000000800000000)
  region size 2048K, 12 young (24576K), 2 survivors (4096K)
 Metaspace       used 58551K, committed 58816K, reserved 1114112K
  class space    used 6845K, committed 6976K, reserved 1048576K
}
Event: 8.617 GC heap after
{Heap after GC invocations=20 (full 0):
 garbage-first heap   total 94208K, used 52757K [0x0000000701e00000, 0x0000000800000000)
  region size 2048K, 2 young (4096K), 2 survivors (4096K)
 Metaspace       used 58551K, committed 58816K, reserved 1114112K
  class space    used 6845K, committed 6976K, reserved 1048576K
}

