# JRE version: OpenJDK Runtime Environment (17.0.10) (build 17.0.10+0--11609105)
# Java VM: OpenJDK 64-Bit Server VM (17.0.10+0--11609105, mixed mode, tiered, compressed oops, compressed class ptrs, g1 gc, windows-amd64)
GC Precious Log:
 CPUs: 4 total, 4 available
 Memory: 16262M
 Large Page Support: Disabled
 NUMA Support: Disabled
 Compressed Oops: Enabled (32-bit)
 Heap Region Size: 1M
 Heap Min Capacity: 8M
 Heap Initial Capacity: 256M
 Heap Max Capacity: 2G
 Pre-touch: Disabled
 Parallel Workers: 4
 Concurrent Workers: 1
 Concurrent Refinement Workers: 4
 Periodic GC: Disabled
Heap:
 garbage-first heap   total 358400K, used 181349K [0x0000000080000000, 0x0000000100000000)
  region size 1024K, 30 young (30720K), 1 survivors (1024K)
 Metaspace       used 152581K, committed 153344K, reserved 1245184K
  class space    used 19278K, committed 19648K, reserved 1048576K
GC Heap History (20 events):
Event: 87.133 GC heap before
{Heap before GC invocations=164 (full 0):
 garbage-first heap   total 358400K, used 318739K [0x0000000080000000, 0x0000000100000000)
  region size 1024K, 166 young (169984K), 2 survivors (2048K)
 Metaspace       used 152283K, committed 153088K, reserved 1245184K
  class space    used 19272K, committed 19648K, reserved 1048576K
}
Event: 87.135 GC heap after
{Heap after GC invocations=165 (full 0):
 garbage-first heap   total 358400K, used 149356K [0x0000000080000000, 0x0000000100000000)
  region size 1024K, 2 young (2048K), 2 survivors (2048K)
 Metaspace       used 152283K, committed 153088K, reserved 1245184K
  class space    used 19272K, committed 19648K, reserved 1048576K
}
Event: 88.007 GC heap before
{Heap before GC invocations=165 (full 0):
 garbage-first heap   total 358400K, used 318316K [0x0000000080000000, 0x0000000100000000)
  region size 1024K, 166 young (169984K), 2 survivors (2048K)
 Metaspace       used 152540K, committed 153344K, reserved 1245184K
  class space    used 19277K, committed 19648K, reserved 1048576K
}
Event: 88.009 GC heap after
{Heap after GC invocations=166 (full 0):
 garbage-first heap   total 358400K, used 148044K [0x0000000080000000, 0x0000000100000000)
  region size 1024K, 2 young (2048K), 2 survivors (2048K)
 Metaspace       used 152540K, committed 153344K, reserved 1245184K
  class space    used 19277K, committed 19648K, reserved 1048576K
}
Event: 88.686 GC heap before
{Heap before GC invocations=166 (full 0):
 garbage-first heap   total 358400K, used 319052K [0x0000000080000000, 0x0000000100000000)
  region size 1024K, 168 young (172032K), 2 survivors (2048K)
 Metaspace       used 152541K, committed 153344K, reserved 1245184K
  class space    used 19277K, committed 19648K, reserved 1048576K
}
Event: 88.688 GC heap after
{Heap after GC invocations=167 (full 0):
 garbage-first heap   total 358400K, used 149796K [0x0000000080000000, 0x0000000100000000)
  region size 1024K, 2 young (2048K), 2 survivors (2048K)
 Metaspace       used 152541K, committed 153344K, reserved 1245184K
  class space    used 19277K, committed 19648K, reserved 1048576K
}
Event: 89.203 GC heap before
{Heap before GC invocations=167 (full 0):
 garbage-first heap   total 358400K, used 318756K [0x0000000080000000, 0x0000000100000000)
  region size 1024K, 167 young (171008K), 2 survivors (2048K)
 Metaspace       used 152554K, committed 153344K, reserved 1245184K
  class space    used 19277K, committed 19648K, reserved 1048576K
}
Event: 89.205 GC heap after
{Heap after GC invocations=168 (full 0):
 garbage-first heap   total 358400K, used 147974K [0x0000000080000000, 0x0000000100000000)
  region size 1024K, 1 young (1024K), 1 survivors (1024K)
 Metaspace       used 152554K, committed 153344K, reserved 1245184K
  class space    used 19277K, committed 19648K, reserved 1048576K
}
Event: 90.329 GC heap before
{Heap before GC invocations=168 (full 0):
 garbage-first heap   total 358400K, used 321030K [0x0000000080000000, 0x0000000100000000)
  region size 1024K, 168 young (172032K), 1 survivors (1024K)
 Metaspace       used 152575K, committed 153344K, reserved 1245184K
  class space    used 19278K, committed 19648K, reserved 1048576K
}
Event: 90.331 GC heap after
{Heap after GC invocations=169 (full 0):
 garbage-first heap   total 358400K, used 150859K [0x0000000080000000, 0x0000000100000000)
  region size 1024K, 2 young (2048K), 2 survivors (2048K)
 Metaspace       used 152575K, committed 153344K, reserved 1245184K
  class space    used 19278K, committed 19648K, reserved 1048576K
}
Event: 90.874 GC heap before
{Heap before GC invocations=169 (full 0):
 garbage-first heap   total 358400K, used 321867K [0x0000000080000000, 0x0000000100000000)
  region size 1024K, 166 young (169984K), 2 survivors (2048K)
 Metaspace       used 152576K, committed 153344K, reserved 1245184K
  class space    used 19278K, committed 19648K, reserved 1048576K
}
Event: 90.876 GC heap after
{Heap after GC invocations=170 (full 0):
 garbage-first heap   total 358400K, used 149193K [0x0000000080000000, 0x0000000100000000)
  region size 1024K, 1 young (1024K), 1 survivors (1024K)
 Metaspace       used 152576K, committed 153344K, reserved 1245184K
  class space    used 19278K, committed 19648K, reserved 1048576K
}
Event: 91.351 GC heap before
{Heap before GC invocations=170 (full 0):
 garbage-first heap   total 358400K, used 320201K [0x0000000080000000, 0x0000000100000000)
  region size 1024K, 167 young (171008K), 1 survivors (1024K)
 Metaspace       used 152576K, committed 153344K, reserved 1245184K
  class space    used 19278K, committed 19648K, reserved 1048576K
}
Event: 91.352 GC heap after
{Heap after GC invocations=171 (full 0):
 garbage-first heap   total 358400K, used 150270K [0x0000000080000000, 0x0000000100000000)
  region size 1024K, 2 young (2048K), 2 survivors (2048K)
 Metaspace       used 152576K, committed 153344K, reserved 1245184K
  class space    used 19278K, committed 19648K, reserved 1048576K
}
Event: 91.714 GC heap before
{Heap before GC invocations=171 (full 0):
 garbage-first heap   total 358400K, used 319230K [0x0000000080000000, 0x0000000100000000)
  region size 1024K, 166 young (169984K), 2 survivors (2048K)
 Metaspace       used 152577K, committed 153344K, reserved 1245184K
  class space    used 19278K, committed 19648K, reserved 1048576K
}
Event: 91.715 GC heap after
{Heap after GC invocations=172 (full 0):
 garbage-first heap   total 358400K, used 148587K [0x0000000080000000, 0x0000000100000000)
  region size 1024K, 1 young (1024K), 1 survivors (1024K)
 Metaspace       used 152577K, committed 153344K, reserved 1245184K
  class space    used 19278K, committed 19648K, reserved 1048576K
}
Event: 92.005 GC heap before
{Heap before GC invocations=172 (full 0):
 garbage-first heap   total 358400K, used 318571K [0x0000000080000000, 0x0000000100000000)
  region size 1024K, 167 young (171008K), 1 survivors (1024K)
 Metaspace       used 152577K, committed 153344K, reserved 1245184K
  class space    used 19278K, committed 19648K, reserved 1048576K
}
Event: 92.007 GC heap after
{Heap after GC invocations=173 (full 0):
 garbage-first heap   total 358400K, used 148661K [0x0000000080000000, 0x0000000100000000)
  region size 1024K, 1 young (1024K), 1 survivors (1024K)
 Metaspace       used 152577K, committed 153344K, reserved 1245184K
  class space    used 19278K, committed 19648K, reserved 1048576K
}
Event: 92.316 GC heap before
{Heap before GC invocations=173 (full 0):
 garbage-first heap   total 358400K, used 318645K [0x0000000080000000, 0x0000000100000000)
  region size 1024K, 167 young (171008K), 1 survivors (1024K)
 Metaspace       used 152580K, committed 153344K, reserved 1245184K
  class space    used 19278K, committed 19648K, reserved 1048576K
}
Event: 92.317 GC heap after
{Heap after GC invocations=174 (full 0):
 garbage-first heap   total 358400K, used 148205K [0x0000000080000000, 0x0000000100000000)
  region size 1024K, 1 young (1024K), 1 survivors (1024K)
 Metaspace       used 152580K, committed 153344K, reserved 1245184K
  class space    used 19278K, committed 19648K, reserved 1048576K
}

